[    0.000000] Initializing cgroup subsys cpuset
[    0.000000] Initializing cgroup subsys cpu
[    0.000000] Initializing cgroup subsys cpuacct
[    0.000000] Linux version 4.4.0-131-generic (buildd@lgw01-amd64-015) (gcc version 5.4.0 20160609 (Ubuntu 5.4.0-6ubuntu1~16.04.10) ) #157-Ubuntu SMP Thu Jul 12 15:51:36 UTC 2018 (Ubuntu 4.4.0-131.157-generic 4.4.134)
[    0.000000] Command line: BOOT_IMAGE=/boot/vmlinuz-4.4.0-131-generic root=LABEL=cloudimg-rootfs ro console=tty1 console=ttyS0
[    0.000000] KERNEL supported cpus:
[    0.000000]   Intel GenuineIntel
[    0.000000]   AMD AuthenticAMD
[    0.000000]   Centaur CentaurHauls
[    0.000000] x86/fpu: xstate_offset[2]:  576, xstate_sizes[2]:  256
[    0.000000] x86/fpu: Supporting XSAVE feature 0x01: 'x87 floating point registers'
[    0.000000] x86/fpu: Supporting XSAVE feature 0x02: 'SSE registers'
[    0.000000] x86/fpu: Supporting XSAVE feature 0x04: 'AVX registers'
[    0.000000] x86/fpu: Enabled xstate features 0x7, context size is 832 bytes, using 'standard' format.
[    0.000000] x86/fpu: Using 'eager' FPU context switches.
[    0.000000] e820: BIOS-provided physical RAM map:
[    0.000000] BIOS-e820: [mem 0x0000000000000000-0x000000000009fbff] usable
[    0.000000] BIOS-e820: [mem 0x000000000009fc00-0x000000000009ffff] reserved
[    0.000000] BIOS-e820: [mem 0x00000000000f0000-0x00000000000fffff] reserved
[    0.000000] BIOS-e820: [mem 0x0000000000100000-0x000000003ffeffff] usable
[    0.000000] BIOS-e820: [mem 0x000000003fff0000-0x000000003fffffff] ACPI data
[    0.000000] BIOS-e820: [mem 0x00000000fec00000-0x00000000fec00fff] reserved
[    0.000000] BIOS-e820: [mem 0x00000000fee00000-0x00000000fee00fff] reserved
[    0.000000] BIOS-e820: [mem 0x00000000fffc0000-0x00000000ffffffff] reserved
[    0.000000] NX (Execute Disable) protection: active
[    0.000000] SMBIOS 2.5 present.
[    0.000000] Hypervisor detected: KVM
[    0.000000] e820: last_pfn = 0x3fff0 max_arch_pfn = 0x400000000
[    0.000000] MTRR: Disabled
[    0.000000] x86/PAT: MTRRs disabled, skipping PAT initialization too.
[    0.000000] CPU MTRRs all blank - virtualized system.
[    0.000000] x86/PAT: Configuration [0-7]: WB  WT  UC- UC  WB  WT  UC- UC  
[    0.000000] found SMP MP-table at [mem 0x0009fff0-0x0009ffff] mapped at [ffff88000009fff0]
[    0.000000] Scanning 1 areas for low memory corruption
[    0.000000] RAMDISK: [mem 0x3630c000-0x3717dfff]
[    0.000000] ACPI: Early table checksum verification disabled
[    0.000000] ACPI: RSDP 0x00000000000E0000 000024 (v02 VBOX  )
[    0.000000] ACPI: XSDT 0x000000003FFF0030 00003C (v01 VBOX   VBOXXSDT 00000001 ASL  00000061)
[    0.000000] ACPI: FACP 0x000000003FFF00F0 0000F4 (v04 VBOX   VBOXFACP 00000001 ASL  00000061)
[    0.000000] ACPI: DSDT 0x000000003FFF0470 0021FF (v02 VBOX   VBOXBIOS 00000002 INTL 20100528)
[    0.000000] ACPI: FACS 0x000000003FFF0200 000040
[    0.000000] ACPI: FACS 0x000000003FFF0200 000040
[    0.000000] ACPI: APIC 0x000000003FFF0240 00005C (v02 VBOX   VBOXAPIC 00000001 ASL  00000061)
[    0.000000] ACPI: SSDT 0x000000003FFF02A0 0001CC (v01 VBOX   VBOXCPUT 00000002 INTL 20100528)
[    0.000000] No NUMA configuration found
[    0.000000] Faking a node at [mem 0x0000000000000000-0x000000003ffeffff]
[    0.000000] NODE_DATA(0) allocated [mem 0x3ffeb000-0x3ffeffff]
[    0.000000] kvm-clock: Using msrs 4b564d01 and 4b564d00
[    0.000000] kvm-clock: cpu 0, msr 0:3ffe3001, primary cpu clock
[    0.000000] kvm-clock: using sched offset of 3588623691 cycles
[    0.000000] clocksource: kvm-clock: mask: 0xffffffffffffffff max_cycles: 0x1cd42e4dffb, max_idle_ns: 881590591483 ns
[    0.000000] Zone ranges:
[    0.000000]   DMA      [mem 0x0000000000001000-0x0000000000ffffff]
[    0.000000]   DMA32    [mem 0x0000000001000000-0x000000003ffeffff]
[    0.000000]   Normal   empty
[    0.000000]   Device   empty
[    0.000000] Movable zone start for each node
[    0.000000] Early memory node ranges
[    0.000000]   node   0: [mem 0x0000000000001000-0x000000000009efff]
[    0.000000]   node   0: [mem 0x0000000000100000-0x000000003ffeffff]
[    0.000000] Initmem setup node 0 [mem 0x0000000000001000-0x000000003ffeffff]
[    0.000000] ACPI: PM-Timer IO Port: 0x4008
[    0.000000] IOAPIC[0]: apic_id 2, version 32, address 0xfec00000, GSI 0-23
[    0.000000] ACPI: INT_SRC_OVR (bus 0 bus_irq 0 global_irq 2 dfl dfl)
[    0.000000] ACPI: INT_SRC_OVR (bus 0 bus_irq 9 global_irq 9 low level)
[    0.000000] Using ACPI (MADT) for SMP configuration information
[    0.000000] smpboot: Allowing 2 CPUs, 0 hotplug CPUs
[    0.000000] PM: Registered nosave memory: [mem 0x00000000-0x00000fff]
[    0.000000] PM: Registered nosave memory: [mem 0x0009f000-0x0009ffff]
[    0.000000] PM: Registered nosave memory: [mem 0x000a0000-0x000effff]
[    0.000000] PM: Registered nosave memory: [mem 0x000f0000-0x000fffff]
[    0.000000] e820: [mem 0x40000000-0xfebfffff] available for PCI devices
[    0.000000] Booting paravirtualized kernel on KVM
[    0.000000] clocksource: refined-jiffies: mask: 0xffffffff max_cycles: 0xffffffff, max_idle_ns: 7645519600211568 ns
[    0.000000] setup_percpu: NR_CPUS:512 nr_cpumask_bits:512 nr_cpu_ids:2 nr_node_ids:1
[    0.000000] PERCPU: Embedded 34 pages/cpu @ffff88003fc00000 s99544 r8192 d31528 u1048576
[    0.000000] PV qspinlock hash table entries: 256 (order: 0, 4096 bytes)
[    0.000000] Built 1 zonelists in Node order, mobility grouping on.  Total pages: 257912
[    0.000000] Policy zone: DMA32
[    0.000000] Kernel command line: BOOT_IMAGE=/boot/vmlinuz-4.4.0-131-generic root=LABEL=cloudimg-rootfs ro console=tty1 console=ttyS0
[    0.000000] PID hash table entries: 4096 (order: 3, 32768 bytes)
[    0.000000] Memory: 997724K/1048120K available (8546K kernel code, 1313K rwdata, 4000K rodata, 1516K init, 1316K bss, 50396K reserved, 0K cma-reserved)
[    0.000000] SLUB: HWalign=64, Order=0-3, MinObjects=0, CPUs=2, Nodes=1
[    0.000000] Kernel/User page tables isolation: enabled
[    0.000000] Hierarchical RCU implementation.
[    0.000000] 	Build-time adjustment of leaf fanout to 64.
[    0.000000] 	RCU restricting CPUs from NR_CPUS=512 to nr_cpu_ids=2.
[    0.000000] RCU: Adjusting geometry for rcu_fanout_leaf=64, nr_cpu_ids=2
[    0.000000] NR_IRQS:33024 nr_irqs:440 16
[    0.000000] Console: colour VGA+ 80x25
[    0.000000] console [tty1] enabled
[    0.000000] console [ttyS0] enabled[    0.000000] tsc: Detected 399.998 MHz processor
[   0.296836] Calibrating delay loop (skipped) preset value.. 6999.99 BogoMIPS (lpj=13999992)
[    0.321698] pid_max: default: 32768 minimum: 301
[    0.323035] ACPI: Core revision 20150930
[    0.325011] ACPI: 2 ACPI AML tables successfully acquired and loaded
[    0.331531] Security Framework initialized
[    0.338528] Yama: becoming mindful.
[    0.340903] AppArmor: AppArmor initialized
[    0.349390] Dentry cache hash table entries: 131072 (order: 8, 1048576 bytes)
[    0.353235] Inode-cache hash table entries: 65536 (order: 7, 524288 bytes)
[    0.358551] Mount-cache hash table entries: 2048 (order: 2, 16384 bytes)
[    0.361668] Mountpoint-cache hash table entries: 2048 (order: 2, 16384 bytes)
[    0.363798] Initializing cgroup subsys io
[    0.369607] Initializing cgroup subsys memory
[    0.371002] Initializing cgroup subsys devices
[    0.373969] Initializing cgroup subsys freezer
[    0.375288] Initializing cgroup subsys net_cls
[    0.376809] Initializing cgroup subsys perf_event
[    0.378241] Initializing cgroup subsys net_prio
[    0.379590] Initializing cgroup subsys hugetlb
[    0.380977] Initializing cgroup subsys pids
[    0.385630] CPU: Physical Processor ID: 0
[    0.388931] CPU: Processor Core ID: 0
[    0.390791] mce: CPU supports 0 MCE banks
[    0.392163] Last level iTLB entries: 4KB 512, 2MB 8, 4MB 8
[    0.393842] Last level dTLB entries: 4KB 512, 2MB 0, 4MB 0, 1GB 4
[    0.405855] Spectre V2 : Mitigation: Full generic retpoline
[    0.411693] Spectre V2 : Speculation control IBPB not-supported IBRS not-supported
[    0.414982] Speculative Store Bypass: Vulnerable
[    0.420059] Freeing SMP alternatives memory: 32K
[    0.429007] ftrace: allocating 32245 entries in 126 pages
[    0.482686] smpboot: APIC(0) Converting physical 0 to logical package 0
[    0.489677] smpboot: Max logical packages: 1
[    0.493911] x2apic enabled
[    0.497259] Switched APIC routing to physical x2apic.
[    0.502141] ..TIMER: vector=0x30 apic1=0 pin1=2 apic2=-1 pin2=-1
[    0.616317] smpboot: CPU0: Intel(R) Xeon(R) CPU E5-1650 v2 @ 3.50GHz (family: 0x6, model: 0x3e, stepping: 0x4)
[    0.625098] Performance Events: unsupported p6 CPU model 62 no PMU driver, software events only.
[    0.627861] KVM setup paravirtual spinlock
[    0.645352] x86: Booting SMP configuration:
[    0.649887] .... node  #0, CPUs:      #1
[    0.651296] kvm-clock: cpu 1, msr 0:3ffe3041, secondary cpu clock
[    0.659707] mce: CPU supports 0 MCE banks
[    0.672690] x86: Booted up 1 node, 2 CPUs
[    0.674104] smpboot: Total of 2 processors activated (13999.99 BogoMIPS)
[    0.678801] devtmpfs: initialized
[    0.681331] evm: security.selinux
[    0.684997] evm: security.SMACK64
[    0.691582] evm: security.SMACK64EXEC
[    0.693924] evm: security.SMACK64TRANSMUTE
[    0.699963] evm: security.SMACK64MMAP
[    0.701278] evm: security.ima
[    0.702378] evm: security.capability
[    0.703670] clocksource: jiffies: mask: 0xffffffff max_cycles: 0xffffffff, max_idle_ns: 7645041785100000 ns
[    0.706568] futex hash table entries: 512 (order: 3, 32768 bytes)
[    0.709618] pinctrl core: initialized pinctrl subsystem
[    0.711246] RTC time: 13:05:05, date: 08/15/18
[    0.714019] NET: Registered protocol family 16
[    0.724380] cpuidle: using governor ladder
[    0.744184] cpuidle: using governor menu
[    0.754111] PCCT header not found.
[    0.755250] ACPI: bus type PCI registered
[    0.761206] acpiphp: ACPI Hot Plug PCI Controller Driver version: 0.5
[    0.765767] PCI: Using configuration type 1 for base access
[    0.780952] ACPI: Added _OSI(Module Device)
[    0.785471] ACPI: Added _OSI(Processor Device)
[    0.788904] ACPI: Added _OSI(3.0 _SCP Extensions)
[    0.792884] ACPI: Added _OSI(Processor Aggregator Device)
[    0.802431] ACPI: Executed 1 blocks of module-level executable AML code
[    0.806304] ACPI: Interpreter enabled
[    0.807588] ACPI: (supports S0 S5)
[    0.810397] ACPI: Using IOAPIC for interrupt routing
[    0.813060] PCI: Using host bridge windows from ACPI; if necessary, use "pci=nocrs" and report a bug
[    0.823131] ACPI: PCI Root Bridge [PCI0] (domain 0000 [bus 00-ff])
[    0.829678] acpi PNP0A03:00: _OSC: OS supports [ASPM ClockPM Segments MSI]
[    0.833463] acpi PNP0A03:00: _OSC: not requesting OS control; OS requires [ExtendedConfig ASPM ClockPM MSI]
[    0.838068] acpi PNP0A03:00: fail to add MMCONFIG information, can't access extended PCI configuration space under this bridge.
[    0.851367] PCI host bridge to bus 0000:00
[    0.852694] pci_bus 0000:00: root bus resource [io  0x0000-0x0cf7 window]
[    0.860984] pci_bus 0000:00: root bus resource [io  0x0d00-0xffff window]
[    0.865659] pci_bus 0000:00: root bus resource [mem 0x000a0000-0x000bffff window]
[    0.869291] pci_bus 0000:00: root bus resource [mem 0x40000000-0xfdffffff window]
[    0.871592] pci_bus 0000:00: root bus resource [bus 00-ff]
[    0.876315] pci 0000:00:01.1: legacy IDE quirk: reg 0x10: [io  0x01f0-0x01f7]
[    0.887682] pci 0000:00:01.1: legacy IDE quirk: reg 0x14: [io  0x03f6]
[    0.893248] pci 0000:00:01.1: legacy IDE quirk: reg 0x18: [io  0x0170-0x0177]
[    0.905474] pci 0000:00:01.1: legacy IDE quirk: reg 0x1c: [io  0x0376]
[    0.926261] pci 0000:00:07.0: quirk: [io  0x4000-0x403f] claimed by PIIX4 ACPI
[    0.929096] pci 0000:00:07.0: quirk: [io  0x4100-0x410f] claimed by PIIX4 SMB
[    0.937307] ACPI: PCI Interrupt Link [LNKA] (IRQs 5 9 10 *11)
[    0.940155] ACPI: PCI Interrupt Link [LNKB] (IRQs 5 9 *10 11)
[    0.942867] ACPI: PCI Interrupt Link [LNKC] (IRQs 5 *9 10 11)
[    0.945777] ACPI: PCI Interrupt Link [LNKD] (IRQs 5 9 10 *11)
[    0.948611] ACPI: Enabled 2 GPEs in block 00 to 07
[    0.950889] vgaarb: setting as boot device: PCI:0000:00:02.0
[    0.952911] vgaarb: device added: PCI:0000:00:02.0,decodes=io+mem,owns=io+mem,locks=none
[    0.955831] vgaarb: loaded
[    0.956939] vgaarb: bridge control possible 0000:00:02.0
[    0.959032] SCSI subsystem initialized
[    0.960517] ACPI: bus type USB registered
[    0.962042] usbcore: registered new interface driver usbfs
[    0.963909] usbcore: registered new interface driver hub
[    0.965786] usbcore: registered new device driver usb
[    0.969388] PCI: Using ACPI for IRQ routing
[    0.971385] NetLabel: Initializing
[    0.972651] NetLabel:  domain hash size = 128
[    0.974236] NetLabel:  protocols = UNLABELED CIPSOv4
[    0.975999] NetLabel:  unlabeled traffic allowed by default
[    0.978115] amd_nb: Cannot enumerate AMD northbridges
[    0.979956] clocksource: Switched to clocksource kvm-clock
[    0.989956] AppArmor: AppArmor Filesystem Enabled
[    0.991450] pnp: PnP ACPI init
[    0.993856] pnp: PnP ACPI: found 3 devices
[   .006488] clocksource: acpi_pm: mask: 0xffffff max_cycles: 0xffffff, max_idle_ns: 2085701024 ns
[    1.053068] NET: Registered protocol family 2

[    1.054537] TCP established hash table entries: 8192 (order: 4, 65536 bytes)
[    1.056606] TCP bind hash table entries: 8192 (order: 5, 131072 bytes)
[    1.058747] TCP: Hash tables configured (established 8192 bind 8192)
[    1.060571] UDP hash table entries: 512 (order: 2, 16384 bytes)
[    1.062493] UDP-Lite hash table entries: 512 (order: 2, 16384 bytes)
[    1.064291] NET: Registered protocol family 1
[    1.065625] pci 0000:00:00.0: Limiting direct PCI/PCI transfers
[    1.067357] pci 0000:00:01.0: Activating ISA DMA hang workarounds
[    1.069494] Unpacking initramfs...
[    1.256040] Freeing initrd memory: 14792K
[    1.257552] RAPL PMU detected, API unit is 2^-32 Joules, 3 fixed counters 10737418240 ms ovfl timer
[    1.269014] hw unit of domain pp0-core 2^-0 Joules
[    1.274751] hw unit of domain package 2^-0 Joules
[    1.280831] hw unit of domain dram 2^-0 Joules
[    1.282209] platform rtc_cmos: registered platform RTC device (no PNP device found)
[    1.284592] Scanning for low memory corruption every 60 seconds
[    1.286738] audit: initializing netlink subsys (disabled)
[    1.288359] audit: type=2000 audit(1534338310.080:1): initialized
[    1.291525] Initialise system trusted keyring
[    1.300751] HugeTLB registered 2 MB page size, pre-allocated 0 pages
[    1.303754] zbud: loaded
[    1.306197] VFS: Disk quotas dquot_6.6.0
[    1.307432] VFS: Dquot-cache hash table entries: 512 (order 0, 4096 bytes)
[    1.321676] squashfs: version 4.0 (2009/01/31) Phillip Lougher
[    1.323632] fuse init (API version 7.23)
[    1.326266] Key type big_key registered
[    1.327482] Allocating IMA MOK and blacklist keyrings.
[    1.331054] Key type asymmetric registered
[    1.336843] Asymmetric key parser 'x509' registered
[    1.338323] Block layer SCSI generic (bsg) driver version 0.4 loaded (major 249)
[    1.342050] io scheduler noop registered
[    1.343351] io scheduler deadline registered (default)
[    1.346026] io scheduler cfq registered
[    1.361069] pci_hotplug: PCI Hot Plug PCI Core version: 0.5
[    1.366094] pciehp: PCI Express Hot Plug Controller Driver version: 0.4
[    1.372010] ACPI: AC Adapter [AC] (on-line)
[    1.377890] input: Power Button as /devices/LNXSYSTM:00/LNXPWRBN:00/input/input0
[    1.381861] ACPI: Power Button [PWRF]
[    1.385366] input: Sleep Button as /devices/LNXSYSTM:00/LNXSLPBN:00/input/input1
[    1.390592] ACPI: Sleep Button [SLPF]
[    1.393536] GHES: HEST is not enabled!
[    1.394900] Serial: 8250/16550 driver, 32 ports, IRQ sharing enabled
[    1.425489] 00:02: ttyS0 at I/O 0x3f8 (irq = 4, base_baud = 115200) is a 16550A
[    1.433792] Linux agpgart interface v0.103
[    1.437752] loop: module loaded
[    1.439405] scsi host0: ata_piix
[    1.441821] scsi host1: ata_piix
[    1.444987] ata1: PATA max UDMA/33 cmd 0x1f0 ctl 0x3f6 bmdma 0xd000 irq 14
[    1.446956] ata2: PATA max UDMA/33 cmd 0x170 ctl 0x376 bmdma 0xd008 irq 15
[    1.450395] libphy: Fixed MDIO Bus: probed
[    1.453956] tun: Universal TUN/TAP device driver, 1.6
[    1.455552] tun: (C) 1999-2004 Max Krasnyansky <maxk@qualcomm.com>
[    1.458686] PPP generic driver version 2.4.2
[    1.460111] ehci_hcd: USB 2.0 'Enhanced' Host Controller (EHCI) Driver
[    1.462006] ehci-pci: EHCI PCI platform driver
[    1.465879] ehci-platform: EHCI generic platform driver
[    1.469549] ohci_hcd: USB 1.1 'Open' Host Controller (OHCI) Driver
[    1.474113] ohci-pci: OHCI PCI platform driver
[    1.481232] ohci-platform: OHCI generic platform driver
[    1.485323] uhci_hcd: USB Universal Host Controller Interface driver
[    1.487145] i8042: PNP: PS/2 Controller [PNP0303:PS2K,PNP0f03:PS2M] at 0x60,0x64 irq 1,12
[    1.492014] serio: i8042 KBD port at 0x60,0x64 irq 1
[    1.500983] serio: i8042 AUX port at 0x60,0x64 irq 12
[    1.505273] mousedev: PS/2 mouse device common for all mice
[    1.507241] input: AT Translated Set 2 keyboard as /devices/platform/i8042/serio0/input/input2
[    1.512378] rtc_cmos rtc_cmos: rtc core: registered rtc_cmos as rtc0
[    1.512432] rtc_cmos rtc_cmos: alarms up to one day, 114 bytes nvram
[    1.512438] i2c /dev entries driver
[    1.512485] device-mapper: uevent: version 1.0.3
[    1.512531] device-mapper: ioctl: 4.34.0-ioctl (2015-10-28) initialised: dm-devel@redhat.com
[    1.512544] ledtrig-cpu: registered to indicate activity on CPUs
[    1.512778] NET: Registered protocol family 10
[    1.512911] NET: Registered protocol family 17
[    1.512920] Key type dns_resolver registered
[    1.513124] registered taskstats version 1
[    1.513140] Loading compiled-in X.509 certificates
[    1.513723] Loaded X.509 cert 'Build time autogenerated kernel key: 8f274abdf49cd12572c1533a34d1eafea768213f'
[    1.513738] zswap: loaded using pool lzo/zbud
[    1.515129] Key type trusted registered
[    1.517671] Key type encrypted registered
[    1.517675] AppArmor: AppArmor sha1 policy hashing enabled
[    1.517678] ima: No TPM chip found, activating TPM-bypass!
[    1.517681] ima: Allocated hash algorithm: sha1
[    1.517696] evm: HMAC attrs: 0x1
[    1.518036]   Magic number: 14:31:79
[    1.519193] rtc_cmos rtc_cmos: setting system clock to 2018-08-15 13:05:06 UTC (1534338306)
[    1.519258] BIOS EDD facility v0.16 2004-Jun-25, 0 devices found
[    1.519258] EDD information not available.
[    1.616374] Freeing unused kernel memory: 1516K
[    1.624545] Write protecting the kernel read-only data: 14336k
[    1.640758] Freeing unused kernel memory: 1680K
[    1.642543] Freeing unused kernel memory: 96K
Loading, please wait...
starting version[    1.656538] random: systemd-udevd: uninitialized urandom read (16 bytes read, 2 bits of entropy available)
 229
[    1.657119] random: udevadm: uninitialized urandom read (16 bytes read, 2 bits of entropy available)
[    1.657138] random: udevadm: uninitialized urandom read (16 bytes read, 2 bits of entropy available)
[    1.665382] random: udevadm: uninitialized urandom read (16 bytes read, 2 bits of entropy available)
[    1.665422] random: udevadm: uninitialized urandom read (16 bytes read, 2 bits of entropy available)
[    1.665556] random: udevadm: uninitialized urandom read (16 bytes read, 2 bits of entropy available)
[    1.665610] random: udevadm: uninitialized urandom read (16 bytes read, 2 bits of entropy available)
[    1.665662] random: udevadm: uninitialized urandom read (16 bytes read, 2 bits of entropy available)
[    1.665766] random: udevadm: uninitialized urandom read (16 bytes read, 2 bits of entropy available)
[    1.665820] random: udevadm: uninitialized urandom read (16 bytes read, 2 bits of entropy available)
[    1.758714] e1000: Intel(R) PRO/1000 Network Driver - version 7.3.21-k8-NAPI
[    1.760793] e1000: Copyright (c) 1999-2006 Intel Corporation.
[    1.804891] Fusion MPT base driver 3.04.20
[    1.809409] Copyright (c) 1999-2008 LSI Corporation
[    1.814673] Fusion MPT SPI Host driver 3.04.20
[    1.830325] AVX version of gcm_enc/dec engaged.
[    1.850704] AES CTR mode by8 optimization enabled
[    2.021308] input: ImExPS/2 Generic Explorer Mouse as /devices/platform/i8042/serio1/input/input4
[    2.233398] e1000 0000:00:03.0 eth0: (PCI:33MHz:32-bit) 02:17:6d:c2:33:c4
[    2.240042] e1000 0000:00:03.0 eth0: Intel(R) PRO/1000 Network Connection
[    2.243601] e1000 0000:00:03.0 enp0s3: renamed from eth0
[    2.250746] mptbase: ioc0: Initiating bringup
[    2.280209] tsc: Refined TSC clocksource calibration: 3500.420 MHz
[    2.282006] clocksource: tsc: mask: 0xffffffffffffffff max_cycles: 0x3274ddfa1ad, max_idle_ns: 440795323149 ns
[    2.399687] ioc0: LSI53C1030 A0: Capabilities={Initiator}
[    3.340876] scsi host2: ioc0: LSI53C1030 A0, FwRev=00000000h, Ports=1, MaxQ=256, IRQ=20
[    4.344253] scsi 2:0:0:0: Direct-Access     VBOX     HARDDISK         1.0  PQ: 0 ANSI: 5
[    4.346645] scsi target2:0:0: Beginning Domain Validation
[    4.349640] scsi target2:0:0: Domain Validation skipping write tests
[    4.351426] scsi target2:0:0: Ending Domain Validation
[    4.353088] scsi target2:0:0: asynchronous
[    4.369162] scsi 2:0:1:0: Direct-Access     VBOX     HARDDISK         1.0  PQ: 0 ANSI: 5
[    4.372819] scsi target2:0:1: Beginning Domain Validation
[    4.375847] scsi target2:0:1: Domain Validation skipping write tests
[    4.377642] scsi target2:0:1: Ending Domain Validation
[    4.379198] scsi target2:0:1: asynchronous
[    4.388724] sd 2:0:0:0: [sda] 20971520 512-byte logical blocks: (10.7 GB/10.0 GiB)
[    4.388853] sd 2:0:0:0: Attached scsi generic sg0 type 0
[    4.388999] sd 2:0:1:0: Attached scsi generic sg1 type 0
[    4.389537] sd 2:0:1:0: [sdb] 20480 512-byte logical blocks: (10.5 MB/10.0 MiB)
[    4.389738] sd 2:0:1:0: [sdb] Write Protect is off
[    4.389872] sd 2:0:1:0: [sdb] Incomplete mode parameter data
[    4.389873] sd 2:0:1:0: [sdb] Assuming drive cache: write through
[    4.392081] sd 2:0:1:0: [sdb] Attached SCSI disk
[    4.407132] sd 2:0:0:0: [sda] Write Protect is off
[    4.409095] sd 2:0:0:0: [sda] Incomplete mode parameter data
[    4.410946] sd 2:0:0:0: [sda] Assuming drive cache: write through
[    4.414882]  sda: sda1
[    4.417036] sd 2:0:0:0: [sda] Attached SCSI disk
Begin: Loading essential drivers ... [    5.712601] md: linear personality registered for level -1
[    5.717962] md: multipath personality registered for level -4
[    5.724491] md: raid0 personality registered for level 0
[    5.733528] md: raid1 personality registered for level 1
[    5.808144] raid6: sse2x1   gen() 10111 MB/s
[    5.876461] raid6: sse2x1   xor()  8257 MB/s
[    5.944130] raid6: sse2x2   gen() 11881 MB/s
[    6.012178] raid6: sse2x2   xor()  8461 MB/s
[    6.080164] raid6: sse2x4   gen() 13833 MB/s
[    6.148180] raid6: sse2x4   xor() 10190 MB/s
[    6.149684] raid6: using algorithm sse2x4 gen() 13833 MB/s
[    6.151444] raid6: .... xor() 10190 MB/s, rmw enabled
[    6.157349] raid6: using ssse3x2 recovery algorithm
[    6.160439] xor: automatically using best checksumming function:
[    6.204163]    avx       : 42750.000 MB/sec
[    6.207007] async_tx: api initialized (async)
[    6.217131] md: raid6 personality registered for level 6
[    6.218694] md: raid5 personality registered for level 5
[    6.221727] md: raid4 personality registered for level 4
[    6.230847] md: raid10 personality registered for level 10
done.
Begin: Running /scripts/init-premount ... done.
Begin: Mounting root file system ... Begin: Running /scripts/local-top ... done.
Begin: Running /scripts/local-premount ... [    6.269422] Btrfs loaded
Scanning for Btrfs filesystems
done.
Warning: fsck not present, so skipping root file system
[    6.297782] EXT4-fs (sda1): mounted filesystem with ordered data mode. Opts: (null)
done.
Begin: Running /scripts/local-bottom ... done.
Begin: Running /scripts/init-bottom ... done.
[    6.388540] systemd[1]: systemd 229 running in system mode. (+PAM +AUDIT +SELINUX +IMA +APPARMOR +SMACK +SYSVINIT +UTMP +LIBCRYPTSETUP +GCRYPT +GNUTLS +ACL +XZ -LZ4 +SECCOMP +BLKID +ELFUTILS +KMOD -IDN)
[    6.395042] systemd[1]: Detected virtualization oracle.
[    6.403945] systemd[1]: Detected architecture x86-64.

Welcome to [1mUbuntu 16.04.5 LTS[0m!

[    6.415608] systemd[1]: Set hostname to <ubuntu>.
[    6.426618] systemd[1]: Initializing machine ID from random generator.
[    6.431286] systemd[1]: Installed transient /etc/machine-id file.
[    6.565832] systemd[1]: Listening on Journal Socket.
[[0;32m  OK  [0m] Listening on Journal Socket.
[    6.576379] systemd[1]: Listening on Device-mapper event daemon FIFOs.
[[0;32m  OK  [0m] Listening on Device-mapper event daemon FIFOs.
[    6.595991] systemd[1]: Created slice User and Session Slice.
[[0;32m  OK  [0m] Created slice User and Session Slice.
[    6.608729] systemd[1]: Started Forward Password Requests to Wall Directory Watch.
[[0;32m  OK  [0m] Started Forward Password Requests to Wall Directory Watch.
[    6.618196] systemd[1]: Reached target System Time Synchronized.
[[0;32m  OK  [0m] Reached target System Time Synchronized.
[    6.622282] systemd[1]: Started Trigger resolvconf update for networkd DNS.
[[0;32m  OK  [0m] Started Trigger resolvconf update for networkd DNS.
[    6.627403] systemd[1]: Listening on Journal Socket (/dev/log).
[[0;32m  OK  [0m] Listening on Journal Socket (/dev/log).
[    6.631998] systemd[1]: Listening on LVM2 metadata daemon socket.
[[0;32m  OK  [0m] Listening on LVM2 metadata daemon socket.
[    6.644825] systemd[1]: Listening on /dev/initctl Compatibility Named Pipe.
[[0;32m  OK  [0m] Listening on /dev/initctl Compatibility Named Pipe.
[    6.652933] systemd[1]: Listening on Journal Audit Socket.
[[0;32m  OK  [0m] Listening on Journal Audit Socket.
[    6.656742] systemd[1]: Reached target User and Group Name Lookups.
[[0;32m  OK  [0m] Reached target User and Group Name Lookups.
[    6.663402] systemd[1]: Listening on udev Control Socket.
[[0;32m  OK  [0m] Listening on udev Control Socket.
[    6.676698] systemd[1]: Listening on udev Kernel Socket.
[[0;32m  OK  [0m] Listening on udev Kernel Socket.
[    6.682762] systemd[1]: Reached target Encrypted Volumes.
[[0;32m  OK  [0m] Reached target Encrypted Volumes.
[    6.693087] systemd[1]: Set up automount Arbitrary Executable File Formats File System Automount Point.
[[0;32m  OK  [0m] Set up automount Arbitrary Executab...ats File System Automount Point.
[    6.710142] systemd[1]: Reached target Swap.
[[0;32m  OK  [0m] Reached target Swap.
[    6.713366] systemd[1]: Listening on Syslog Socket.
[[0;32m  OK  [0m] Listening on Syslog Socket.
[    6.716910] systemd[1]: Listening on LVM2 poll daemon socket.
[[0;32m  OK  [0m] Listening on LVM2 poll daemon socket.
[    6.721095] systemd[1]: Created slice System Slice.
[[0;32m  OK  [0m] Created slice System Slice.
[    6.724881] systemd[1]: Created slice system-serial\x2dgetty.slice.
[[0;32m  OK  [0m] Created slice system-serial\x2dgetty.slice.
[    6.748330] systemd[1]: Starting Remount Root and Kernel File Systems...
[    6.751181] EXT4-fs (sda1): re-mounted. Opts: (null)
         Starting Remount Root and Kernel File Systems...
[    6.755403] systemd[1]: Starting Uncomplicated firewall...
         Starting Uncomplicated firewall...
[    6.761961] systemd[1]: Starting Journal Service...
         Starting Journal Service...
[    6.766546] systemd[1]: Mounting POSIX Message Queue File System...
         Mounting POSIX Message Queue File System...
[    6.771234] systemd[1]: Reached target Slices.
[[0;32m  OK  [0m] Reached target Slices.
[    6.800393] systemd[1]: Mounting Huge Pages File System...
         Mounting Huge Pages File System...
[    6.806497] systemd[1]: Starting Nameserver information manager...
         Starting Nameserver information manager...
[    6.811796] systemd[1]: Starting Set console keymap...
         Starting Set console keymap...
[    6.821147] systemd[1]: Starting Create list of required static device nodes for the current kernel...
         Starting Create list of required st... nodes for the current kernel...
[    6.830948] systemd[1]: Starting Load Kernel Modules...
         Starting Load Kernel Modules...
[    6.835238] systemd[1]: Mounting Debug File System...
         Mounting Debug File System...
[    6.840215] systemd[1]: Starting Monitoring of LVM2 mirrors, snapshots etc. using dmeventd or progress polling...
         Starting Monitoring of LVM2 mirrors... dmeventd or progress polling...
[    6.851429] systemd[1]: Mounted POSIX Message Queue File System.
[    6.853875] Loading iSCSI transport class v2.0-870.
[[0;32m  OK  [0m] Mounted POSIX Message Queue File System.
[    6.857459] systemd[1]: Mounted Debug File System.
[[0;32m  OK  [0m] Mounted Debug File System.
[    6.861442] systemd[1]: Mounted Huge Pages File System.
[[0;32m  OK  [0m] Mounted Huge Pages File System.
[    6.865238] systemd[1]: Started Journal Service.
[[0;32m  OK  [0m] Started Journal Service.
[[0;32m  OK  [0m] Started Remount Root and Kernel File Systems.
[[0;32m  OK  [0m] Started Uncomplicated firewall.
[    6.879745] iscsi: registered transport (tcp)
[[0;32m  OK  [0m] Started Set console keymap.
[[0;32m  OK  [0m] Started Create list of required sta...ce nodes for the current kernel.
[[0;32m  OK  [0m] Started Nameserver information manager.
[    6.910229] iscsi: registered transport (iser)
[[0;32m  OK  [0m] Started Load Kernel Modules.
         Mounting FUSE Control File System...
         Starting Apply Kernel Variables...
[[0;32m  OK  [0m] Started LVM2 metadata daemon.
         Starting Create Static Device Nodes in /dev...
         Starting Load/Save Random Seed...
         Starting udev Coldplug all Devices...
         Starting Flush Journal to Persistent Storage...
[[0;32m  OK  [0m] Mounted FUSE Control File System.
[[0;32m  OK  [0m] Started Apply Kernel Variables.
[[0;32m  OK  [0m] Started Load/Save Random Seed.
[[0;32m  OK  [0m] Started Flush Journal to Persistent Storage.
[[0;32m  OK  [0m] Started Create Static Device Nodes in /dev.
[[0;32m  OK  [0m] Started udev Coldplug all Devices.
         Starting udev Kernel Device Manager...
[[0;32m  OK  [0m] Started udev Kernel Device Manager.
[[0;32m  OK  [0m] Started Dispatch Password Requests to Console Directory Watch.
[[0;32m  OK  [0m] Found device /dev/ttyS0.
[[0;32m  OK  [0m] Listening on Load/Save RF Kill Switch Status /dev/rfkill Watch.
[[0;32m  OK  [0m] Started Monitoring of LVM2 mirrors,...ng dmeventd or progress polling.
[[0;32m  OK  [0m] Reached target Local File Systems (Pre).
[[0;32m  OK  [0m] Reached target Local File Systems.
         Starting Initial cloud-init job (pre-networking)...
         Starting Tell Plymouth To Write Out Runtime Data...
         Starting Create Volatile Files and Directories...
         Starting Commit a transient machine-id on disk...
         Starting Set console font and keymap...
         Starting LSB: AppArmor initialization...
[[0;32m  OK  [0m] Started Tell Plymouth To Write Out Runtime Data.
[[0;32m  OK  [0m] Started Create Volatile Files and Directories.
         Starting Update UTMP about System Boot/Shutdown...
[[0;32m  OK  [0m] Started Commit a transient machine-id on disk.
[[0;32m  OK  [0m] Started Update UTMP about System Boot/Shutdown.
[    8.055675] cloud-init[587]: Cloud-init v. 18.2 running 'init-local' at Wed, 15 Aug 2018 13:05:13 +0000. Up 7.75 seconds.
[[0;32m  OK  [0m] Started Initial cloud-init job (pre-networking).
[[0;32m  OK  [0m] Reached target Network (Pre).
[[0;32m  OK  [0m] Started LSB: AppArmor initialization.
         Starting Raise network interfaces...
[[0;32m  OK  [0m] Started Set console font and keymap.
[[0;32m  OK  [0m] Created slice system-getty.slice.
[[0;32m  OK  [0m] Started Raise network interfaces.
[[0;32m  OK  [0m] Reached target Network.
         Starting Initial cloud-init job (metadata service crawler)...
[    9.484169] cloud-init[935]: Cloud-init v. 18.2 running 'init' at Wed, 15 Aug 2018 13:05:14 +0000. Up 8.78 seconds.
[    9.487903] cloud-init[935]: ci-info: +++++++++++++++++++++++++++++++++++++Net device info++++++++++++++++++++++++++++++++++++++
[    9.495452] cloud-init[935]: ci-info: +--------+------+----------------------------+---------------+-------+-------------------+
[    9.501831] cloud-init[935]: ci-info: | Device |  Up  |          Address           |      Mask     | Scope |     Hw-Address    |
[    9.507172] cloud-init[935]: ci-info: +--------+------+----------------------------+---------------+-------+-------------------+
[    9.520567] cloud-init[935]: ci-info: | enp0s3 | True |         10.0.2.15          | 255.255.255.0 |   .   | 02:17:6d:c2:33:c4 |
[    9.528920] cloud-init[935]: ci-info: | enp0s3 | True | fe80::17:6dff:fec2:33c4/64 |       .       |  link | 02:17:6d:c2:33:c4 |
[    9.534361] cloud-init[935]: ci-info: |   lo   | True |         127.0.0.1          |   255.0.0.0   |   .   |         .         |
[    9.540728] cloud-init[935]: ci-info: |   lo   | True |          ::1/128           |       .       |  host |         .         |
[    9.545123] cloud-init[935]: ci-info: +--------+------+----------------------------+---------------+-------+-------------------+
[    9.551632] cloud-init[935]: ci-info: +++++++++++++++++++++++++++Route IPv4 info++++++++++++++++++++++++++++
[    9.556413] cloud-init[935]: ci-info: +-------+-------------+----------+---------------+-----------+-------+
[    9.559928] cloud-init[935]: ci-info: | Route | Destination | Gateway  |    Genmask    | Interface | Flags |
[    9.563485] cloud-init[935]: ci-info: +-------+-------------+----------+---------------+-----------+-------+
[    9.568178] cloud-init[935]: ci-info: |   0   |   0.0.0.0   | 10.0.2.2 |    0.0.0.0    |   enp0s3  |   UG  |
[    9.572610] cloud-init[935]: ci-info: |   1   |   10.0.2.0  | 0.0.0.0  | 255.255.255.0 |   enp0s3  |   U   |
[    9.576108] cloud-init[935]: ci-info: +-------+-------------+----------+---------------+-----------+-------+
[    9.581870] cloud-init[935]: Generating public/private rsa key pair.
[    9.596788] [cloud-init[0;32m  OK  [0m[935]: ] Your identification has been saved in /etc/ssh/ssh_host_rsa_key.Started Initial cloud-init job (metadata service crawler).

[    9.597565] cloud-init[935]: [[0;32m  OK  [0m] Reached target Network is Online.
Your public key has been saved in /etc/ssh/ssh_host_rsa_key.pub.
[    9.608701] cloud-init[935]: The key fingerprint is:
[    9.611342] cloud-init[935]: SHA256:D/GaT/YFm1MMu0clcLDxohVh3owYN/249OEv/CFhr34 root@ubuntu-xenial
[    9.615264]          Starting iSCSI initiator daemon (iscsid)...
cloud-init[935]: The key's randomart image is:
[[0;32m  OK  [0m] Reached target Cloud-config availability.
[[0;32m  OK  [0m] Reached target System Initialization.
[    9.616852] cloud-init[935]:          Starting LXD - unix socket.
[[0;32m  OK  [0m] Listening on D-Bus System Message Bus Socket.
         Starting Socket activation for snappy daemon.
[[0;32m  OK  [0m] Started Daily apt download activities.
[[0;32m  OK  [0m] Started Daily apt upgrade and clean activities.
+---[RSA 2048]----+
[    9.634513] [[0;32m  OK  [0m] Listening on ACPID Listen Socket.
[[0;32m  OK  [0m] Started Daily Cleanup of Temporary Directories.
[[0;32m  OK  [0m] Reached target Timers.
cloud-init[935]: [[0;32m  OK  [0m] Started ACPI Events Check.
[[0;32m  OK  [0m] Reached target Paths.
[[0;32m  OK  [0m] Listening on UUID daemon activation socket.
[[0;32m  OK  [0m] Listening on LXD - unix socket.
[[0;32m  OK  [0m] Listening on Socket activation for snappy daemon.
|          . X+.  |
[    9.648973] cloud-init[935]: [[0;32m  OK  [0m] Reached target Sockets.
[[0;32m  OK  [0m] Reached target Basic System.
|           * %.  |
         Starting System Logging Service...
[    9.655963] cloud-init[935]: |        . . B =o.|
[    9.665615] cloud-init[935]: |         o o =o+.|
         Starting Virtualbox guest utils...
[    9.669478] [[0;32m  OK  [0m] Started ACPI event daemon.
cloud-init[935]: |        S o o+=o.|
[    9.676897] cloud-init[935]: |         =  .B+..|
         [    9.677444] Starting Accounts Service...cloud-init
[935]: |        o + =ooo.|
         Starting LSB: MD monitoring daemon...
[    9.685053] cloud-init[935]: |         + . +=Eo|
         Starting Apply the settings specified in cloud-config...
         Starting /etc/rc.local Compatibility...
[    9.689381] cloud-init[935]: |          . oo.o.|
[[0;32m  OK  [0m] Started D-Bus System Message Bus.
[    9.709948] cloud-init[935]: +----[SHA256]-----+
[[0;32m  OK  [0m] Started Deferred execution scheduler.[    9.728747] cloud-init[935]: 
[[0;32m  OK  [0m] Started FUSE filesystem for LXC.
Generating public/private dsa key pair.         Starting Pollinate to seed the pseudo random number generator...
         Starting Login Service...
[[0;32m  OK  [0m] Started Unattended Upgrades Shutdown.
[[0;32m  OK  [0m] Started Regular background program processing daemon.
         Starting LSB: Record successful boot for GRUB...

[    9.750261] cloud-init         Starting Snappy daemon...
         Starting LXD - container startup/shutdown...
[[0;32m  OK  [0m] Started System Logging Service.
[[0;32m  OK  [0m] Started iSCSI initiator daemon (iscsid).
[[0;32m  OK  [0m] Started /etc/rc.local Compatibility.
[935]: Your identification has been saved in /etc/ssh/ssh_host_dsa_key.
[    9.798605] cloud-init[935]: Your public key has been saved in /etc/ssh/ssh_host_dsa_key.pub.
[    9.850589] cloud-init[935]: The key fingerprint is:
[    9.866205] cloud-init[935]: SHA256:YycoHMgi/9i/9mxe9CPak6tLZ5znYEXS4sDKuHh5lB4 root@ubuntu-xenial
         Starting Login to default iSCSI targets...[    9.892708] cloud-init[935]: The key's randomart image is:
[    9.892784] cloud-init[935]: +---[DSA 1024]----+
[    9.892834] cloud-init[935]: |                 |
[    9.892884] cloud-init[935]: | . .   .   .     |
[    9.892935] cloud-init[935]: |o o .   o o o    |
[    9.892996] cloud-init[935]: |.o . + + o +     |
[    9.893053] cloud-init[935]: |  . + E S + .    |
[    9.893108] cloud-init[935]: |   = * o * +     |
[    9.893162] cloud-init[935]: |  o * o . X.+    |
[    9.893212] cloud-init[935]: |   . o.o.Bo= .   |

[[0;32m  OK  [0m] Started LSB: MD monitoring daemon.
[[0;32m  OK  [0m] Started Login Service.
[    9.938701] [cloud-init[935]: |     .o=Booo.    |
[    9.942920] cloud-init[0;32m  OK  [0m] Started LSB: Record successful boot for GRUB.
[[0;32m  OK  [0m] Started LXD - container startup/shutdown.
[935]: +----[SHA256]-----+
[[0;32m  OK  [0m] Started Login to default iSCSI targets.[    9.982159] cloud-init[935]: Generating public/private ecdsa key pair.
[    9.986091] cloud-init[935]: Your identification has been saved in /etc/ssh/ssh_host_ecdsa_key.
         Starting Authenticate and Authorize Users to Run Privileged Tasks...
[[0;32m  OK  [0m] Reached target Remote File Systems (Pre).
[[0;32m  OK  [0m] Reached target Remote File Systems.
         Starting LSB: Set the CPU Frequency Scaling governor to "ondemand"...

[   10.008335] cloud-init[935]: Your public key has been saved in /etc/ssh/ssh_host_ecdsa_key.pub.
         Starting Permit User Sessions...
[   10.022651] cloud-init[935]: The key fingerprint is:
[   10.031182] cloud-init[935]: SHA256:I6DNe68pWwQSVV00UDaUx3PnqQL52NA4ec9hmhteK3I root@ubuntu-xenial         Starting LSB: automatic crash report generation...
         Starting LSB: daemon to balance interrupts for SMP systems...

[[0;32m  OK  [0m] Started Permit User Sessions.
[[0;32m  OK  [0m[   10.050275] ] Started Virtualbox guest utils.
[[0;32m  OK  [0m] Started Snappy daemon.
[[0;32m  OK  [0m] Started Authenticate and Authorize Users to Run Privileged Tasks.
cloud-init[935]: The key's randomart image is:
[   10.096844] cloud-init[935]: +---[ECDSA 256]---+
[[   10.097316] [0;32m  OK  [0mcloud-init] [935]: Started Accounts Service.|  .......*Oo     |

[   10.097746] cloud-init[935]: |   .    ...o+ . .|
[   10.107792] cloud-init[935]: |  . o     =. o o.|
[   10.120356] cloud-init[935]: |   = o   B o o ..|
[   10.120869] cloud-init[935]: |  . o o S O * o  |
[[0;32m  OK  [0m] Started LSB: Set the CPU Frequency Scaling governor to "ondemand".
[[   10.121295] cloud-init[935]: |     o . o B =   |
[   10.128117] cloud-init[935]: |    . o   . = .  |
[   10.129841] cloud-init[935]: |    .o o . E .   |
[   10.130690] cloud-init[935]: |    .oo.. o .    |
[   10.132249] cloud-init[935]: +----[SHA256]-----+
[   10.133159] cloud-init[935]: Generating public/private ed25519 key pair.
[0;32m  OK  [0m] Started LSB: automatic crash report generation.
[   10.134240] cloud-init[935]: Your identification has been saved in /etc/ssh/ssh_host_ed25519_key.
[   10.146659] cloud-init[935]: Your public key has been saved in /etc/ssh/ssh_host_ed25519_key.pub.
[   10.150791] cloud-init[935]: The key fingerprint is:
[   10.153994]          Starting Wait until snapd is fully seeded...
         Starting Hold until boot process finishes up...
         Starting Terminate Plymouth Boot Screen...
cloud-init[935]: SHA256:KqBGsne87uP7OGBgsKpLXVUiQSYQ2suPu+bpbidwq+o root@ubuntu-xenial[[0;32m  OK  [0m] Started LSB: daemon to balance interrupts for SMP systems.

[[0;32m  OK  [0m] Started Hold until boot process finishes up.[   10.180842] cloud-init[935]: The key's randomart image is:
[   10.180899] cloud-init[935]: +--[ED25519 256]--+
[   10.180956] cloud-init[935]: | oo..=.. .       |
[   10.180997] cloud-init[935]: |o.  o . o        |
[   10.181051] cloud-init[935]: |o..    .         |
[   10.181094] cloud-init[935]: |oo .  .          |
[   10.181201] cloud-init[935]: |+o+  .  S        |
[   10.181248] cloud-init[935]: |=o==.  .         |
[   10.181299] cloud-init[935]: |+*o+= .          |
[   10.181343] cloud-init[935]: |+.=+++           |
[   10.181709] cloud-init[935]: |*EBBB=.          |

[[0;32m  OK  [0m] Started Terminate Plymouth Boot Screen.
[   10.190666] cloud-init[935]: +----[SHA256]-----+
[[0;32m  OK  [0m] Started Getty on tty1.
         Starting Set console scheme...
[[0;32m  OK  [0m] Started Serial Getty on ttyS0.
[[0;32m  OK  [0m] Reached target Login Prompts.
[[0;32m  OK  [0m] Started Set console scheme.
[   10.455577] cloud-init[1053]: Generating locales (this might take a while)...
[[0;32m  OK  [0m] Started Pollinate to seed the pseudo random number generator.
         Starting OpenBSD Secure Shell server...
[[0;32m  OK  [0m] Started OpenBSD Secure Shell server.
[   11.187295] cloud-init[1053]:   en_US.UTF-8... done
[   11.196592] cloud-init[1053]: Generation complete.
[   11.479843] cloud-init[1053]: Cloud-init v. 18.2 running 'modules:config' at Wed, 15 Aug 2018 13:05:15 +0000. Up 10.33 seconds.
[[0;32m  OK  [0m] Started Apply the settings specified in cloud-config.
[[0;32m  OK  [0m] Started Wait until snapd is fully seeded.
[[0;32m  OK  [0m] Reached target Multi-User System.
[[0;32m  OK  [0m] Reached target Graphical Interface.
         Starting Execute cloud user/final scripts...
         Starting Update UTMP about System Runlevel Changes...
[[0;32m  OK  [0m] Created slice User Slice of vagrant.
[[0;32m  OK  [0m] Started Update UTMP about System Runlevel Changes.
[[0;32m  OK  [0m] Started Session 1 of user vagrant.
         Starting User Manager for UID 1000...
[[0;32m  OK  [0m] Started User Manager for UID 1000.
ci-info: no authorized ssh keys fingerprints found for user ubuntu.
<14>Aug 15 13:05:17 ec2: 
<14>Aug 15 13:05:17 ec2: #############################################################
<14>Aug 15 13:05:17 ec2: -----BEGIN SSH HOST KEY FINGERPRINTS-----
<14>Aug 15 13:05:17 ec2: 1024 SHA256:YycoHMgi/9i/9mxe9CPak6tLZ5znYEXS4sDKuHh5lB4 root@ubuntu-xenial (DSA)
<14>Aug 15 13:05:17 ec2: 256 SHA256:I6DNe68pWwQSVV00UDaUx3PnqQL52NA4ec9hmhteK3I root@ubuntu-xenial (ECDSA)
<14>Aug 15 13:05:17 ec2: 256 SHA256:KqBGsne87uP7OGBgsKpLXVUiQSYQ2suPu+bpbidwq+o root@ubuntu-xenial (ED25519)
<14>Aug 15 13:05:17 ec2: 2048 SHA256:D/GaT/YFm1MMu0clcLDxohVh3owYN/249OEv/CFhr34 root@ubuntu-xenial (RSA)
<14>Aug 15 13:05:17 ec2: -----END SSH HOST KEY FINGERPRINTS-----
<14>Aug 15 13:05:17 ec2: #############################################################
-----BEGIN SSH HOST KEY KEYS-----
ecdsa-sha2-nistp256 AAAAE2VjZHNhLXNoYTItbmlzdHAyNTYAAAAIbmlzdHAyNTYAAABBBMv/60vYIT903cc+ULZTdeaKddHhPaalcOPxcJmDuas40+LuZnBbcrTEf/zM58gwa+8mDLFa2A+uLtrXDWJgGfY= root@ubuntu-xenial
ssh-ed25519 AAAAC3NzaC1lZDI1NTE5AAAAIHnzLz1DhtA1U1HohXfmgPntxFFEUdv7TdhGE5VOpp30 root@ubuntu-xenial
ssh-rsa AAAAB3NzaC1yc2EAAAADAQABAAABAQC+wcn3hkYpD+PKTXM1sS9W61YzMlwdQi/o7vXdD9owaxi1UK/VZ8v/cHvG0ES7AvMcp+Tx2DSHZdD5S6KsS3Nm2XB4INjfxNeipYtGEvbgg9V0b3c7fZqVs5/bGvLp9xeNTewaYKcH9+QaSKQ4telJAe5bbhA3iZeGr0j7SF4BJ0FOPRoFvcmEV6x2NgHftl39/n5Le+SBH74KwoOME0/h86wwMw5bLRWJExgIcCQuTWnb0Bpl83TXAsbeLY/4JP9Lq4Z1ofieEQve8EjBNqEsjG9FNnqKKa8meTt0S92+MbfXYB7grCe+u+TQPw4uc5Mdms+VWEj8PKIhEnCPK+o/ root@ubuntu-xenial
-----END SSH HOST KEY KEYS-----
[   12.292976] cloud-init[1296]: Cloud-init v. 18.2 running 'modules:final' at Wed, 15 Aug 2018 13:05:17 +0000. Up 12.00 seconds.
[   12.302907] cloud-init[1296]: ci-info: no authorized ssh keys fingerprints found for user ubuntu.
[   12.306736] cloud-init[1296]: Cloud-init v. 18.2 finished at Wed, 15 Aug 2018 13:05:17 +0000. Datasource DataSourceNoCloud [seed=/dev/sdb][dsmode=net].  Up 12.28 seconds
[[0;32m  OK  [0m] Started Execute cloud user/final scripts.
[[0;32m  OK  [0m] Reached target Cloud-init target.

Ubuntu 16.04.5 LTS ubuntu-xenial ttyS0

ubuntu-xenial login: 